[debug] [2022-07-28T07:46:45.054Z] ----------------------------------------------------------------------
[debug] [2022-07-28T07:46:45.056Z] Command:       /Users/zaferayan/.nvm/versions/node/v14.18.0/bin/node /Users/zaferayan/.nvm/versions/node/v14.18.0/bin/firebase init
[debug] [2022-07-28T07:46:45.056Z] CLI Version:   11.4.0
[debug] [2022-07-28T07:46:45.056Z] Platform:      darwin
[debug] [2022-07-28T07:46:45.056Z] Node Version:  v14.18.0
[debug] [2022-07-28T07:46:45.057Z] Time:          Thu Jul 28 2022 10:46:45 GMT+0300 (GMT+03:00)
[debug] [2022-07-28T07:46:45.057Z] ----------------------------------------------------------------------
[debug] 
[debug] [2022-07-28T07:46:45.063Z] > command requires scopes: ["email","openid","https://www.googleapis.com/auth/cloudplatformprojects.readonly","https://www.googleapis.com/auth/firebase","https://www.googleapis.com/auth/cloud-platform"]
[debug] [2022-07-28T07:46:45.063Z] > authorizing via signed-in user (ozcanzaferayan@gmail.com)
[info] 
     ######## #### ########  ######## ########     ###     ######  ########
     ##        ##  ##     ## ##       ##     ##  ##   ##  ##       ##
     ######    ##  ########  ######   ########  #########  ######  ######
     ##        ##  ##    ##  ##       ##     ## ##     ##       ## ##
     ##       #### ##     ## ######## ########  ##     ##  ######  ########

You're about to initialize a Firebase project in this directory:

  /Users/zaferayan/Github/zaferayan-com

[info] 
=== Project Setup
[info] 
[info] First, let's associate this project directory with a Firebase project.
[info] You can create multiple project aliases by running firebase use --add, 
[info] but for now we'll just set up a default project.
[info] 
[debug] [2022-07-28T07:47:40.203Z] > refreshing access token with scopes: []
[debug] [2022-07-28T07:47:40.207Z] >>> [apiv2][query] POST https://www.googleapis.com/oauth2/v3/token [none]
[debug] [2022-07-28T07:47:40.208Z] >>> [apiv2][body] POST https://www.googleapis.com/oauth2/v3/token [omitted]
[debug] [2022-07-28T07:47:41.512Z] <<< [apiv2][status] POST https://www.googleapis.com/oauth2/v3/token 200
[debug] [2022-07-28T07:47:41.513Z] <<< [apiv2][body] POST https://www.googleapis.com/oauth2/v3/token [omitted]
[debug] [2022-07-28T07:47:41.612Z] >>> [apiv2][query] GET https://firebase.googleapis.com/v1beta1/projects pageSize=100
[debug] [2022-07-28T07:47:43.316Z] <<< [apiv2][status] GET https://firebase.googleapis.com/v1beta1/projects 200
[debug] [2022-07-28T07:47:43.317Z] <<< [apiv2][body] GET https://firebase.googleapis.com/v1beta1/projects [omitted]
[info] i  Using project zaferayan-com (zaferayan-com) 
[info] 
=== Hosting Setup
[info] 
[info] Your public directory is the folder (relative to your project directory) that
[info] will contain Hosting assets to be uploaded with firebase deploy. If you
[info] have a build process for your assets, use your build's output directory.
[info] 
[info] ✔  Wrote public/404.html 
[debug] [2022-07-28T07:48:34.472Z] >>> [apiv2][query] GET https://www.gstatic.com/firebasejs/releases.json [none]
[debug] [2022-07-28T07:48:34.697Z] <<< [apiv2][status] GET https://www.gstatic.com/firebasejs/releases.json 200
[debug] [2022-07-28T07:48:34.698Z] <<< [apiv2][body] GET https://www.gstatic.com/firebasejs/releases.json {"current":{"version":"9.9.1","browserURL":"https://www.gstatic.com/firebasejs/9.9.1/firebase.js","packageURL":"https://www.gstatic.com/firebasejs/9.9.1/firebase.tgz"},"live":{"version":"9.9","browserURL":"https://www.gstatic.com/firebasejs/live/9.9/firebase.js","packageURL":"https://www.gstatic.com/firebasejs/live/9.9/firebase.tgz"},"components":{"analytics":"https://www.gstatic.com/firebasejs/9.9.1/firebase-analytics.js","app":"https://www.gstatic.com/firebasejs/9.9.1/firebase-app.js","app-check":"https://www.gstatic.com/firebasejs/9.9.1/firebase-app-check.js","auth":"https://www.gstatic.com/firebasejs/9.9.1/firebase-auth.js","auth/cordova":"https://www.gstatic.com/firebasejs/9.9.1/firebase-auth/cordova.js","auth/react-native":"https://www.gstatic.com/firebasejs/9.9.1/firebase-auth/react-native.js","functions":"https://www.gstatic.com/firebasejs/9.9.1/firebase-functions.js","firestore":"https://www.gstatic.com/firebasejs/9.9.1/firebase-firestore.js","firestore/lite":"https://www.gstatic.com/firebasejs/9.9.1/firebase-firestore/lite.js","installations":"https://www.gstatic.com/firebasejs/9.9.1/firebase-installations.js","storage":"https://www.gstatic.com/firebasejs/9.9.1/firebase-storage.js","performance":"https://www.gstatic.com/firebasejs/9.9.1/firebase-performance.js","remote-config":"https://www.gstatic.com/firebasejs/9.9.1/firebase-remote-config.js","messaging":"https://www.gstatic.com/firebasejs/9.9.1/firebase-messaging.js","messaging/sw":"https://www.gstatic.com/firebasejs/9.9.1/firebase-messaging/sw.js","database":"https://www.gstatic.com/firebasejs/9.9.1/firebase-database.js","firestore.memory":"https://www.gstatic.com/firebasejs/9.9.1/firebase-firestore.memory.js"}}
[info] i  Skipping write of public/index.html 
[info] 
[info] i  Detected a .git folder at /Users/zaferayan/Github/zaferayan-com 
[info] i  Authorizing with GitHub to upload your service account to a GitHub repository's secrets store. 
[info] 
[info] Visit this URL on this device to log in:
[info] https://github.com/login/oauth/authorize?client_id=89cf50f02ac6aaed3484&state=489984067&redirect_uri=http%3A%2F%2Flocalhost%3A9005&scope=read%3Auser%20repo%20public_repo
[info] 
[info] Waiting for authentication...
[debug] [2022-07-28T07:49:08.550Z] >>> [apiv2][query] POST https://github.com/login/oauth/access_token [none]
[debug] [2022-07-28T07:49:08.552Z] >>> [apiv2][body] POST https://github.com/login/oauth/access_token [stream]
[debug] [2022-07-28T07:49:08.895Z] <<< [apiv2][status] POST https://github.com/login/oauth/access_token 200
[debug] [2022-07-28T07:49:08.895Z] <<< [apiv2][body] POST https://github.com/login/oauth/access_token {"access_token":"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","token_type":"bearer","scope":"read:user,repo"}
[debug] [2022-07-28T07:49:08.912Z] >>> [apiv2][query] GET https://api.github.com/user [none]
[debug] [2022-07-28T07:49:09.247Z] <<< [apiv2][status] GET https://api.github.com/user 200
[debug] [2022-07-28T07:49:09.248Z] <<< [apiv2][body] GET https://api.github.com/user {"login":"ozcanzaferayan","id":1326963,"node_id":"MDQ6VXNlcjEzMjY5NjM=","avatar_url":"https://avatars.githubusercontent.com/u/1326963?v=4","gravatar_id":"","url":"https://api.github.com/users/ozcanzaferayan","html_url":"https://github.com/ozcanzaferayan","followers_url":"https://api.github.com/users/ozcanzaferayan/followers","following_url":"https://api.github.com/users/ozcanzaferayan/following{/other_user}","gists_url":"https://api.github.com/users/ozcanzaferayan/gists{/gist_id}","starred_url":"https://api.github.com/users/ozcanzaferayan/starred{/owner}{/repo}","subscriptions_url":"https://api.github.com/users/ozcanzaferayan/subscriptions","organizations_url":"https://api.github.com/users/ozcanzaferayan/orgs","repos_url":"https://api.github.com/users/ozcanzaferayan/repos","events_url":"https://api.github.com/users/ozcanzaferayan/events{/privacy}","received_events_url":"https://api.github.com/users/ozcanzaferayan/received_events","type":"User","site_admin":false,"name":"Özcan Zafer AYAN","company":null,"blog":"https://twitter.com/ZaferAyan","location":"Türkiye","email":"ozcanzaferayan@gmail.com","hireable":null,"bio":null,"twitter_username":null,"public_repos":159,"public_gists":218,"followers":968,"following":59,"created_at":"2012-01-13T06:53:29Z","updated_at":"2022-07-20T12:00:23Z","private_gists":12,"total_private_repos":16,"owned_private_repos":16,"disk_usage":674952,"collaborators":4,"two_factor_authentication":false,"plan":{"name":"pro","space":976562499,"collaborators":0,"private_repos":9999}}
[info] 
[info] ✔  Success! Logged into GitHub as ozcanzaferayan 
[info] 
